This is pdfTeX, Version 3.14159265-2.6-1.40.16 (TeX Live 2015) (preloaded format=pdflatex 2016.1.31)  28 DEC 2019 21:06
entering extended mode
 restricted \write18 enabled.
 %&-line parsing enabled.
**Intro.tex
(./Intro.tex
LaTeX2e <2015/01/01>
Babel <3.9l> and hyphenation patterns for 79 languages loaded.
(/usr/local/texlive/2015/texmf-dist/tex/latex/base/article.cls
Document Class: article 2014/09/29 v1.4h Standard LaTeX document class
(/usr/local/texlive/2015/texmf-dist/tex/latex/base/size11.clo
File: size11.clo 2014/09/29 v1.4h Standard LaTeX file (size option)
)
\c@part=\count79
\c@section=\count80
\c@subsection=\count81
\c@subsubsection=\count82
\c@paragraph=\count83
\c@subparagraph=\count84
\c@figure=\count85
\c@table=\count86
\abovecaptionskip=\skip41
\belowcaptionskip=\skip42
\bibindent=\dimen102
)
(/usr/local/texlive/2015/texmf-dist/tex/latex/amsmath/amsmath.sty
Package: amsmath 2013/01/14 v2.14 AMS math features
\@mathmargin=\skip43

For additional information on amsmath, use the `?' option.
(/usr/local/texlive/2015/texmf-dist/tex/latex/amsmath/amstext.sty
Package: amstext 2000/06/29 v2.01

(/usr/local/texlive/2015/texmf-dist/tex/latex/amsmath/amsgen.sty
File: amsgen.sty 1999/11/30 v2.0
\@emptytoks=\toks14
\ex@=\dimen103
))
(/usr/local/texlive/2015/texmf-dist/tex/latex/amsmath/amsbsy.sty
Package: amsbsy 1999/11/29 v1.2d
\pmbraise@=\dimen104
)
(/usr/local/texlive/2015/texmf-dist/tex/latex/amsmath/amsopn.sty
Package: amsopn 1999/12/14 v2.01 operator names
)
\inf@bad=\count87
LaTeX Info: Redefining \frac on input line 210.
\uproot@=\count88
\leftroot@=\count89
LaTeX Info: Redefining \overline on input line 306.
\classnum@=\count90
\DOTSCASE@=\count91
LaTeX Info: Redefining \ldots on input line 378.
LaTeX Info: Redefining \dots on input line 381.
LaTeX Info: Redefining \cdots on input line 466.
\Mathstrutbox@=\box26
\strutbox@=\box27
\big@size=\dimen105
LaTeX Font Info:    Redeclaring font encoding OML on input line 566.
LaTeX Font Info:    Redeclaring font encoding OMS on input line 567.
\macc@depth=\count92
\c@MaxMatrixCols=\count93
\dotsspace@=\muskip10
\c@parentequation=\count94
\dspbrk@lvl=\count95
\tag@help=\toks15
\row@=\count96
\column@=\count97
\maxfields@=\count98
\andhelp@=\toks16
\eqnshift@=\dimen106
\alignsep@=\dimen107
\tagshift@=\dimen108
\tagwidth@=\dimen109
\totwidth@=\dimen110
\lineht@=\dimen111
\@envbody=\toks17
\multlinegap=\skip44
\multlinetaggap=\skip45
\mathdisplay@stack=\toks18
LaTeX Info: Redefining \[ on input line 2665.
LaTeX Info: Redefining \] on input line 2666.
)
(/usr/local/texlive/2015/texmf-dist/tex/latex/amsfonts/amssymb.sty
Package: amssymb 2013/01/14 v3.01 AMS font symbols

(/usr/local/texlive/2015/texmf-dist/tex/latex/amsfonts/amsfonts.sty
Package: amsfonts 2013/01/14 v3.01 Basic AMSFonts support
\symAMSa=\mathgroup4
\symAMSb=\mathgroup5
LaTeX Font Info:    Overwriting math alphabet `\mathfrak' in version `bold'
(Font)                  U/euf/m/n --> U/euf/b/n on input line 106.
))
(/usr/local/texlive/2015/texmf-dist/tex/latex/graphics/epsfig.sty
Package: epsfig 1999/02/16 v1.7a (e)psfig emulation (SPQR)

(/usr/local/texlive/2015/texmf-dist/tex/latex/graphics/graphicx.sty
Package: graphicx 2014/10/28 v1.0g Enhanced LaTeX Graphics (DPC,SPQR)

(/usr/local/texlive/2015/texmf-dist/tex/latex/graphics/keyval.sty
Package: keyval 2014/10/28 v1.15 key=value parser (DPC)
\KV@toks@=\toks19
)
(/usr/local/texlive/2015/texmf-dist/tex/latex/graphics/graphics.sty
Package: graphics 2014/10/28 v1.0p Standard LaTeX Graphics (DPC,SPQR)

(/usr/local/texlive/2015/texmf-dist/tex/latex/graphics/trig.sty
Package: trig 1999/03/16 v1.09 sin cos tan (DPC)
)
(/usr/local/texlive/2015/texmf-dist/tex/latex/latexconfig/graphics.cfg
File: graphics.cfg 2010/04/23 v1.9 graphics configuration of TeX Live
)
Package graphics Info: Driver file: pdftex.def on input line 94.

(/usr/local/texlive/2015/texmf-dist/tex/latex/pdftex-def/pdftex.def
File: pdftex.def 2011/05/27 v0.06d Graphics/color for pdfTeX

(/usr/local/texlive/2015/texmf-dist/tex/generic/oberdiek/infwarerr.sty
Package: infwarerr 2010/04/08 v1.3 Providing info/warning/error messages (HO)
)
(/usr/local/texlive/2015/texmf-dist/tex/generic/oberdiek/ltxcmds.sty
Package: ltxcmds 2011/11/09 v1.22 LaTeX kernel commands for general use (HO)
)
\Gread@gobject=\count99
))
\Gin@req@height=\dimen112
\Gin@req@width=\dimen113
)
\epsfxsize=\dimen114
\epsfysize=\dimen115
)
(/usr/local/texlive/2015/texmf-dist/tex/latex/a4wide/a4wide.sty
Package: a4wide 1994/08/30

(/usr/local/texlive/2015/texmf-dist/tex/latex/ntgclass/a4.sty
Package: a4 2004/04/15 v1.2g A4 based page layout
))
(/usr/local/texlive/2015/texmf-dist/tex/latex/cancel/cancel.sty
Package: cancel 2013/04/12 v2.2 Cancel math terms
)
(/usr/local/texlive/2015/texmf-dist/tex/latex/caption/subcaption.sty
Package: subcaption 2013/02/03 v1.1-62 Sub-captions (AR)

(/usr/local/texlive/2015/texmf-dist/tex/latex/caption/caption.sty
Package: caption 2013/05/02 v3.3-89 Customizing captions (AR)

(/usr/local/texlive/2015/texmf-dist/tex/latex/caption/caption3.sty
Package: caption3 2013/05/02 v1.6-88 caption3 kernel (AR)
Package caption3 Info: TeX engine: e-TeX on input line 57.
\captionmargin=\dimen116
\captionmargin@=\dimen117
\captionwidth=\dimen118
\caption@tempdima=\dimen119
\caption@indent=\dimen120
\caption@parindent=\dimen121
\caption@hangindent=\dimen122
)
\c@ContinuedFloat=\count100
)
\c@subfigure=\count101
\c@subtable=\count102
)
(/usr/local/texlive/2015/texmf-dist/tex/latex/appendix/appendix.sty
Package: appendix 2009/09/02 v1.2b extra appendix facilities
\c@@pps=\count103
\c@@ppsavesec=\count104
\c@@ppsaveapp=\count105
)
(./Intro.aux)
\openout1 = `Intro.aux'.

LaTeX Font Info:    Checking defaults for OML/cmm/m/it on input line 25.
LaTeX Font Info:    ... okay on input line 25.
LaTeX Font Info:    Checking defaults for T1/cmr/m/n on input line 25.
LaTeX Font Info:    ... okay on input line 25.
LaTeX Font Info:    Checking defaults for OT1/cmr/m/n on input line 25.
LaTeX Font Info:    ... okay on input line 25.
LaTeX Font Info:    Checking defaults for OMS/cmsy/m/n on input line 25.
LaTeX Font Info:    ... okay on input line 25.
LaTeX Font Info:    Checking defaults for OMX/cmex/m/n on input line 25.
LaTeX Font Info:    ... okay on input line 25.
LaTeX Font Info:    Checking defaults for U/cmr/m/n on input line 25.
LaTeX Font Info:    ... okay on input line 25.

(/usr/local/texlive/2015/texmf-dist/tex/context/base/supp-pdf.mkii
[Loading MPS to PDF converter (version 2006.09.02).]
\scratchcounter=\count106
\scratchdimen=\dimen123
\scratchbox=\box28
\nofMPsegments=\count107
\nofMParguments=\count108
\everyMPshowfont=\toks20
\MPscratchCnt=\count109
\MPscratchDim=\dimen124
\MPnumerator=\count110
\makeMPintoPDFobject=\count111
\everyMPtoPDFconversion=\toks21
) (/usr/local/texlive/2015/texmf-dist/tex/generic/oberdiek/pdftexcmds.sty
Package: pdftexcmds 2011/11/29 v0.20 Utility functions of pdfTeX for LuaTeX (HO
)

(/usr/local/texlive/2015/texmf-dist/tex/generic/oberdiek/ifluatex.sty
Package: ifluatex 2010/03/01 v1.3 Provides the ifluatex switch (HO)
Package ifluatex Info: LuaTeX not detected.
)
(/usr/local/texlive/2015/texmf-dist/tex/generic/oberdiek/ifpdf.sty
Package: ifpdf 2011/01/30 v2.3 Provides the ifpdf switch (HO)
Package ifpdf Info: pdfTeX in PDF mode is detected.
)
Package pdftexcmds Info: LuaTeX not detected.
Package pdftexcmds Info: \pdf@primitive is available.
Package pdftexcmds Info: \pdf@ifprimitive is available.
Package pdftexcmds Info: \pdfdraftmode found.
)
(/usr/local/texlive/2015/texmf-dist/tex/latex/oberdiek/epstopdf-base.sty
Package: epstopdf-base 2010/02/09 v2.5 Base part for package epstopdf

(/usr/local/texlive/2015/texmf-dist/tex/latex/oberdiek/grfext.sty
Package: grfext 2010/08/19 v1.1 Manage graphics extensions (HO)

(/usr/local/texlive/2015/texmf-dist/tex/generic/oberdiek/kvdefinekeys.sty
Package: kvdefinekeys 2011/04/07 v1.3 Define keys (HO)
))
(/usr/local/texlive/2015/texmf-dist/tex/latex/oberdiek/kvoptions.sty
Package: kvoptions 2011/06/30 v3.11 Key value format for package options (HO)

(/usr/local/texlive/2015/texmf-dist/tex/generic/oberdiek/kvsetkeys.sty
Package: kvsetkeys 2012/04/25 v1.16 Key value parser (HO)

(/usr/local/texlive/2015/texmf-dist/tex/generic/oberdiek/etexcmds.sty
Package: etexcmds 2011/02/16 v1.5 Avoid name clashes with e-TeX commands (HO)
Package etexcmds Info: Could not find \expanded.
(etexcmds)             That can mean that you are not using pdfTeX 1.50 or
(etexcmds)             that some package has redefined \expanded.
(etexcmds)             In the latter case, load this package earlier.
)))
Package grfext Info: Graphics extension search list:
(grfext)             [.png,.pdf,.jpg,.mps,.jpeg,.jbig2,.jb2,.PNG,.PDF,.JPG,.JPE
G,.JBIG2,.JB2,.eps]
(grfext)             \AppendGraphicsExtensions on input line 452.

(/usr/local/texlive/2015/texmf-dist/tex/latex/latexconfig/epstopdf-sys.cfg
File: epstopdf-sys.cfg 2010/07/13 v1.3 Configuration of (r)epstopdf for TeX Liv
e
))
Package caption Info: Begin \AtBeginDocument code.
Package caption Info: End \AtBeginDocument code.
LaTeX Font Info:    Try loading font information for U+msa on input line 27.

(/usr/local/texlive/2015/texmf-dist/tex/latex/amsfonts/umsa.fd
File: umsa.fd 2013/01/14 v3.01 AMS symbols A
)
LaTeX Font Info:    Try loading font information for U+msb on input line 27.

(/usr/local/texlive/2015/texmf-dist/tex/latex/amsfonts/umsb.fd
File: umsb.fd 2013/01/14 v3.01 AMS symbols B
)
Package epstopdf Info: Source file: <Figs/tms-figure.eps>
(epstopdf)                    date: 2019-06-08 13:01:02
(epstopdf)                    size: 12034425 bytes
(epstopdf)             Output file: <Figs/tms-figure-eps-converted-to.pdf>
(epstopdf)                    date: 2019-06-22 08:31:31
(epstopdf)                    size: 523674 bytes
(epstopdf)             Command: <repstopdf --outfile=Figs/tms-figure-eps-conver
ted-to.pdf Figs/tms-figure.eps>
(epstopdf)             \includegraphics on input line 33.
Package epstopdf Info: Output file is already uptodate.


pdfTeX warning: pdflatex (file ./Figs/tms-figure-eps-converted-to.pdf): PDF inc
lusion: found PDF version <1.7>, but at most version <1.5> allowed
<Figs/tms-figure-eps-converted-to.pdf, id=1, 626.34pt x 640.3925pt>
File: Figs/tms-figure-eps-converted-to.pdf Graphic file (type pdf)

<use Figs/tms-figure-eps-converted-to.pdf>
Package pdftex.def Info: Figs/tms-figure-eps-converted-to.pdf used on input lin
e 33.
(pdftex.def)             Requested size: 442.65375pt x 452.60051pt.

Underfull \hbox (badness 1112) in paragraph at lines 34--34
\OT1/cmr/m/n/10.95 Swen-son, 2017) used un-der the Cre-ative Com-mons At-tri-bu
-tion In-ter-na-tional Li-cense
 []

[1

{/usr/local/texlive/2015/texmf-var/fonts/map/pdftex/updmap/pdftex.map}]
[2 <./Figs/tms-figure-eps-converted-to.pdf>]
Overfull \hbox (3.53053pt too wide) in paragraph at lines 68--69
[] [][] \OML/cmm/m/it/10.95 V[]V[]dt$\OT1/cmr/m/n/10.95 . It can be thought of 
as an \OT1/cmr/m/it/10.95 av-er-ag-ing pro-cess \OT1/cmr/m/n/10.95 be-cause you
 are in-te-grat-ing (adding)
 []


Overfull \hbox (2.45346pt too wide) in alignment at lines 72--82
 [][][] []
 []


Underfull \hbox (badness 10000) in paragraph at lines 84--85

 []

[3]
Underfull \hbox (badness 10000) in paragraph at lines 111--112

 []


Underfull \hbox (badness 10000) in paragraph at lines 112--113

 []

[4]
Package epstopdf Info: Source file: <Figs/01-corr-resp.eps>
(epstopdf)                    date: 2019-06-24 09:10:14
(epstopdf)                    size: 56141 bytes
(epstopdf)             Output file: <Figs/01-corr-resp-eps-converted-to.pdf>
(epstopdf)                    date: 2019-06-25 13:44:43
(epstopdf)                    size: 23031 bytes
(epstopdf)             Command: <repstopdf --outfile=Figs/01-corr-resp-eps-conv
erted-to.pdf Figs/01-corr-resp.eps>
(epstopdf)             \includegraphics on input line 170.
Package epstopdf Info: Output file is already uptodate.


pdfTeX warning: pdflatex (file ./Figs/01-corr-resp-eps-converted-to.pdf): PDF i
nclusion: found PDF version <1.7>, but at most version <1.5> allowed
<Figs/01-corr-resp-eps-converted-to.pdf, id=37, 722.7pt x 578.16pt>
File: Figs/01-corr-resp-eps-converted-to.pdf Graphic file (type pdf)

<use Figs/01-corr-resp-eps-converted-to.pdf>
Package pdftex.def Info: Figs/01-corr-resp-eps-converted-to.pdf used on input l
ine 170.
(pdftex.def)             Requested size: 442.65375pt x 354.12389pt.
 [5] [6 <./Figs/01-corr-resp-eps-converted-to.pdf>] [7]
Underfull \hbox (badness 2653) in paragraph at lines 242--243
[]\OT1/cmr/m/n/10.95 To see why $[] [] \OML/cmm/m/it/10.95 I[]cos\OT1/cmr/m/n/1
0.95 (2\OML/cmm/m/it/10.95 ^^Yul\OT1/cmr/m/n/10.95 )\OML/cmm/m/it/10.95 d \OT1/
cmr/m/n/10.95 
 = 0$, try in-te-grat-ing $[][] \OML/cmm/m/it/10.95 cos\OT1/cmr/m/n/10.95 (\OML
/cmm/m/it/10.95 x\OT1/cmr/m/n/10.95 )\OML/cmm/m/it/10.95 cos\OT1/cmr/m/n/10.95 
(\OML/cmm/m/it/10.95 x\OT1/cmr/m/n/10.95 )\OML/cmm/m/it/10.95 d x$ \OT1/cmr/m/n
/10.95 v.s.
 []


Underfull \hbox (badness 10000) in paragraph at lines 242--243

 []


Overfull \hbox (18.09033pt too wide) in alignment at lines 258--268
 [][][] []
 []

[8] [9]
Overfull \hbox (27.53058pt too wide) in alignment at lines 322--330
 [][][] []
 []


LaTeX Warning: No positions in optional float specifier.
               Default added (so using `tbp') on input line 337.

Package epstopdf Info: Source file: <Figs/03-dirac-vis.eps>
(epstopdf)                    date: 2019-05-17 17:00:09
(epstopdf)                    size: 95901 bytes
(epstopdf)             Output file: <Figs/03-dirac-vis-eps-converted-to.pdf>
(epstopdf)                    date: 2019-06-22 08:31:31
(epstopdf)                    size: 31178 bytes
(epstopdf)             Command: <repstopdf --outfile=Figs/03-dirac-vis-eps-conv
erted-to.pdf Figs/03-dirac-vis.eps>
(epstopdf)             \includegraphics on input line 339.
Package epstopdf Info: Output file is already uptodate.


pdfTeX warning: pdflatex (file ./Figs/03-dirac-vis-eps-converted-to.pdf): PDF i
nclusion: found PDF version <1.7>, but at most version <1.5> allowed
<Figs/03-dirac-vis-eps-converted-to.pdf, id=106, 614.295pt x 794.97pt>
File: Figs/03-dirac-vis-eps-converted-to.pdf Graphic file (type pdf)

<use Figs/03-dirac-vis-eps-converted-to.pdf>
Package pdftex.def Info: Figs/03-dirac-vis-eps-converted-to.pdf used on input l
ine 339.
(pdftex.def)             Requested size: 442.65375pt x 572.85104pt.


LaTeX Warning: Float too large for page by 0.65077pt on input line 342.

Package epstopdf Info: Source file: <Figs/04-gauss-vis.eps>
(epstopdf)                    date: 2019-05-18 15:29:52
(epstopdf)                    size: 116479 bytes
(epstopdf)             Output file: <Figs/04-gauss-vis-eps-converted-to.pdf>
(epstopdf)                    date: 2019-06-22 08:31:31
(epstopdf)                    size: 39963 bytes
(epstopdf)             Command: <repstopdf --outfile=Figs/04-gauss-vis-eps-conv
erted-to.pdf Figs/04-gauss-vis.eps>
(epstopdf)             \includegraphics on input line 347.
Package epstopdf Info: Output file is already uptodate.


pdfTeX warning: pdflatex (file ./Figs/04-gauss-vis-eps-converted-to.pdf): PDF i
nclusion: found PDF version <1.7>, but at most version <1.5> allowed
<Figs/04-gauss-vis-eps-converted-to.pdf, id=107, 614.295pt x 794.97pt>
File: Figs/04-gauss-vis-eps-converted-to.pdf Graphic file (type pdf)

<use Figs/04-gauss-vis-eps-converted-to.pdf>
Package pdftex.def Info: Figs/04-gauss-vis-eps-converted-to.pdf used on input l
ine 347.
(pdftex.def)             Requested size: 442.65375pt x 572.85104pt.

Overfull \hbox (7.4679pt too wide) in alignment at lines 356--371
 [][][] []
 []

[10] [11 <./Figs/03-dirac-vis-eps-converted-to.pdf>] [12 <./Figs/04-gauss-vis-e
ps-converted-to.pdf>]
Overfull \hbox (11.50699pt too wide) in alignment at lines 373--383
 [][][] []
 []

[13]
Package epstopdf Info: Source file: <Figs/05-fin-band-lecture.eps>
(epstopdf)                    date: 2019-06-20 11:38:48
(epstopdf)                    size: 55826 bytes
(epstopdf)             Output file: <Figs/05-fin-band-lecture-eps-converted-to.
pdf>
(epstopdf)                    date: 2019-06-22 08:31:32
(epstopdf)                    size: 25053 bytes
(epstopdf)             Command: <repstopdf --outfile=Figs/05-fin-band-lecture-e
ps-converted-to.pdf Figs/05-fin-band-lecture.eps>
(epstopdf)             \includegraphics on input line 389.
Package epstopdf Info: Output file is already uptodate.


pdfTeX warning: pdflatex (file ./Figs/05-fin-band-lecture-eps-converted-to.pdf)
: PDF inclusion: found PDF version <1.7>, but at most version <1.5> allowed
<Figs/05-fin-band-lecture-eps-converted-to.pdf, id=267, 722.7pt x 578.16pt>
File: Figs/05-fin-band-lecture-eps-converted-to.pdf Graphic file (type pdf)

<use Figs/05-fin-band-lecture-eps-converted-to.pdf>
Package pdftex.def Info: Figs/05-fin-band-lecture-eps-converted-to.pdf used on 
input line 389.
(pdftex.def)             Requested size: 442.65375pt x 354.12389pt.
Package epstopdf Info: Source file: <Figs/uv-lm-coords.eps>
(epstopdf)                    date: 2019-06-20 11:09:55
(epstopdf)                    size: 42859876 bytes
(epstopdf)             Output file: <Figs/uv-lm-coords-eps-converted-to.pdf>
(epstopdf)                    date: 2019-06-22 08:31:53
(epstopdf)                    size: 259179 bytes
(epstopdf)             Command: <repstopdf --outfile=Figs/uv-lm-coords-eps-conv
erted-to.pdf Figs/uv-lm-coords.eps>
(epstopdf)             \includegraphics on input line 418.
Package epstopdf Info: Output file is already uptodate.


pdfTeX warning: pdflatex (file ./Figs/uv-lm-coords-eps-converted-to.pdf): PDF i
nclusion: found PDF version <1.7>, but at most version <1.5> allowed
<Figs/uv-lm-coords-eps-converted-to.pdf, id=268, 347.2975pt x 245.91875pt>
File: Figs/uv-lm-coords-eps-converted-to.pdf Graphic file (type pdf)

<use Figs/uv-lm-coords-eps-converted-to.pdf>
Package pdftex.def Info: Figs/uv-lm-coords-eps-converted-to.pdf used on input l
ine 418.
(pdftex.def)             Requested size: 347.29665pt x 245.91814pt.

Underfull \hbox (badness 1112) in paragraph at lines 419--419
\OT1/cmr/m/n/10.95 Swen-son, 2017) used un-der the Cre-ative Com-mons At-tri-bu
-tion In-ter-na-tional Li-cense
 []

[14] [15 <./Figs/05-fin-band-lecture-eps-converted-to.pdf>] [16] [17 <./Figs/uv
-lm-coords-eps-converted-to.pdf>]
Package epstopdf Info: Source file: <Figs/06-array2uv-triangle.eps>
(epstopdf)                    date: 2019-06-25 13:43:48
(epstopdf)                    size: 1057904 bytes
(epstopdf)             Output file: <Figs/06-array2uv-triangle-eps-converted-to
.pdf>
(epstopdf)                    date: 2019-06-25 13:44:44
(epstopdf)                    size: 246699 bytes
(epstopdf)             Command: <repstopdf --outfile=Figs/06-array2uv-triangle-
eps-converted-to.pdf Figs/06-array2uv-triangle.eps>
(epstopdf)             \includegraphics on input line 486.
Package epstopdf Info: Output file is already uptodate.


pdfTeX warning: pdflatex (file ./Figs/06-array2uv-triangle-eps-converted-to.pdf
): PDF inclusion: found PDF version <1.7>, but at most version <1.5> allowed

<Figs/06-array2uv-triangle-eps-converted-to.pdf, id=338, 938.50626pt x 522.9537
5pt>
File: Figs/06-array2uv-triangle-eps-converted-to.pdf Graphic file (type pdf)
 <use Figs/06-array2uv-triangle-eps-converted-to.pdf>
Package pdftex.def Info: Figs/06-array2uv-triangle-eps-converted-to.pdf used on
 input line 486.
(pdftex.def)             Requested size: 442.65375pt x 246.65009pt.
Package epstopdf Info: Source file: <Figs/06-array2uv-meerkat.eps>
(epstopdf)                    date: 2019-05-26 13:19:02
(epstopdf)                    size: 2717682 bytes
(epstopdf)             Output file: <Figs/06-array2uv-meerkat-eps-converted-to.
pdf>
(epstopdf)                    date: 2019-06-22 08:31:56
(epstopdf)                    size: 571091 bytes
(epstopdf)             Command: <repstopdf --outfile=Figs/06-array2uv-meerkat-e
ps-converted-to.pdf Figs/06-array2uv-meerkat.eps>
(epstopdf)             \includegraphics on input line 493.
Package epstopdf Info: Output file is already uptodate.


pdfTeX warning: pdflatex (file ./Figs/06-array2uv-meerkat-eps-converted-to.pdf)
: PDF inclusion: found PDF version <1.7>, but at most version <1.5> allowed

<Figs/06-array2uv-meerkat-eps-converted-to.pdf, id=339, 938.50626pt x 522.95375
pt>
File: Figs/06-array2uv-meerkat-eps-converted-to.pdf Graphic file (type pdf)
 <use Figs/06-array2uv-meerkat-eps-converted-to.pdf>
Package pdftex.def Info: Figs/06-array2uv-meerkat-eps-converted-to.pdf used on 
input line 493.
(pdftex.def)             Requested size: 442.65375pt x 246.65009pt.
 [18] [19 <./Figs/06-array2uv-triangle-eps-converted-to.pdf> <./Figs/06-array2u
v-meerkat-eps-converted-to.pdf>]
Overfull \hbox (10.20074pt too wide) in alignment at lines 561--567
 [][][] []
 []

[20] [21] [22] (./Intro.aux) ) 
Here is how much of TeX's memory you used:
 3811 strings out of 493089
 57001 string characters out of 6134842
 136108 words of memory out of 5000000
 7213 multiletter control sequences out of 15000+600000
 20765 words of font info for 78 fonts, out of 8000000 for 9000
 1141 hyphenation exceptions out of 8191
 42i,18n,40p,965b,477s stack positions out of 5000i,500n,10000p,200000b,80000s
</usr/local/texlive/2015/texmf-dist/fonts/type1/p
ublic/amsfonts/cm/cmbsy10.pfb></usr/local/texlive/2015/texmf-dist/fonts/type1/p
ublic/amsfonts/cmextra/cmbsy6.pfb></usr/local/texlive/2015/texmf-dist/fonts/typ
e1/public/amsfonts/cm/cmbx10.pfb></usr/local/texlive/2015/texmf-dist/fonts/type
1/public/amsfonts/cm/cmbx12.pfb></usr/local/texlive/2015/texmf-dist/fonts/type1
/public/amsfonts/cm/cmbx6.pfb></usr/local/texlive/2015/texmf-dist/fonts/type1/p
ublic/amsfonts/cm/cmbx8.pfb></usr/local/texlive/2015/texmf-dist/fonts/type1/pub
lic/amsfonts/cm/cmbxti10.pfb></usr/local/texlive/2015/texmf-dist/fonts/type1/pu
blic/amsfonts/cm/cmex10.pfb></usr/local/texlive/2015/texmf-dist/fonts/type1/pub
lic/amsfonts/cm/cmmi10.pfb></usr/local/texlive/2015/texmf-dist/fonts/type1/publ
ic/amsfonts/cm/cmmi12.pfb></usr/local/texlive/2015/texmf-dist/fonts/type1/publi
c/amsfonts/cm/cmmi6.pfb></usr/local/texlive/2015/texmf-dist/fonts/type1/public/
amsfonts/cm/cmmi8.pfb></usr/local/texlive/2015/texmf-dist/fonts/type1/public/am
sfonts/cm/cmr10.pfb></usr/local/texlive/2015/texmf-dist/fonts/type1/public/amsf
onts/cm/cmr12.pfb></usr/local/texlive/2015/texmf-dist/fonts/type1/public/amsfon
ts/cm/cmr6.pfb></usr/local/texlive/2015/texmf-dist/fonts/type1/public/amsfonts/
cm/cmr8.pfb></usr/local/texlive/2015/texmf-dist/fonts/type1/public/amsfonts/cm/
cmr9.pfb></usr/local/texlive/2015/texmf-dist/fonts/type1/public/amsfonts/cm/cms
y10.pfb></usr/local/texlive/2015/texmf-dist/fonts/type1/public/amsfonts/cm/cmsy
6.pfb></usr/local/texlive/2015/texmf-dist/fonts/type1/public/amsfonts/cm/cmsy8.
pfb></usr/local/texlive/2015/texmf-dist/fonts/type1/public/amsfonts/cm/cmti10.p
fb></usr/local/texlive/2015/texmf-dist/fonts/type1/public/amsfonts/cm/cmti7.pfb
></usr/local/texlive/2015/texmf-dist/fonts/type1/public/amsfonts/cm/cmtt10.pfb>
</usr/local/texlive/2015/texmf-dist/fonts/type1/public/amsfonts/cm/cmtt12.pfb><
/usr/local/texlive/2015/texmf-dist/fonts/type1/public/amsfonts/latxfont/line10.
pfb></usr/local/texlive/2015/texmf-dist/fonts/type1/public/amsfonts/symbols/msa
m10.pfb></usr/local/texlive/2015/texmf-dist/fonts/type1/public/amsfonts/symbols
/msbm10.pfb>
Output written on Intro.pdf (22 pages, 2006377 bytes).
PDF statistics:
 503 PDF objects out of 1000 (max. 8388607)
 194 compressed objects within 2 object streams
 0 named destinations out of 1000 (max. 500000)
 41 words of extra memory for PDF output out of 10000 (max. 10000000)

