This is pdfTeX, Version 3.14159265-2.6-1.40.18 (TeX Live 2017/Debian) (preloaded format=pdflatex 2018.11.27)  6 JUL 2020 16:47
entering extended mode
 restricted \write18 enabled.
 file:line:error style messages enabled.
 %&-line parsing enabled.
**\input Lecture.tex
(./Lecture.tex (/usr/share/texlive/texmf-dist/tex/latex/base/article.cls
Document Class: article 2014/09/29 v1.4h Standard LaTeX document class
(/usr/share/texlive/texmf-dist/tex/latex/base/size11.clo
File: size11.clo 2014/09/29 v1.4h Standard LaTeX file (size option)
)
\c@part=\count79
\c@section=\count80
\c@subsection=\count81
\c@subsubsection=\count82
\c@paragraph=\count83
\c@subparagraph=\count84
\c@figure=\count85
\c@table=\count86
\abovecaptionskip=\skip41
\belowcaptionskip=\skip42
\bibindent=\dimen102
)
(/usr/share/texlive/texmf-dist/tex/latex/amsmath/amsmath.sty
Package: amsmath 2017/09/02 v2.17a AMS math features
\@mathmargin=\skip43

For additional information on amsmath, use the `?' option.
(/usr/share/texlive/texmf-dist/tex/latex/amsmath/amstext.sty
Package: amstext 2000/06/29 v2.01 AMS text

(/usr/share/texlive/texmf-dist/tex/latex/amsmath/amsgen.sty
File: amsgen.sty 1999/11/30 v2.0 generic functions
\@emptytoks=\toks14
\ex@=\dimen103
))
(/usr/share/texlive/texmf-dist/tex/latex/amsmath/amsbsy.sty
Package: amsbsy 1999/11/29 v1.2d Bold Symbols
\pmbraise@=\dimen104
)
(/usr/share/texlive/texmf-dist/tex/latex/amsmath/amsopn.sty
Package: amsopn 2016/03/08 v2.02 operator names
)
\inf@bad=\count87
LaTeX Info: Redefining \frac on input line 213.
\uproot@=\count88
\leftroot@=\count89
LaTeX Info: Redefining \overline on input line 375.
\classnum@=\count90
\DOTSCASE@=\count91
LaTeX Info: Redefining \ldots on input line 472.
LaTeX Info: Redefining \dots on input line 475.
LaTeX Info: Redefining \cdots on input line 596.
\Mathstrutbox@=\box26
\strutbox@=\box27
\big@size=\dimen105
LaTeX Font Info:    Redeclaring font encoding OML on input line 712.
LaTeX Font Info:    Redeclaring font encoding OMS on input line 713.
\macc@depth=\count92
\c@MaxMatrixCols=\count93
\dotsspace@=\muskip10
\c@parentequation=\count94
\dspbrk@lvl=\count95
\tag@help=\toks15
\row@=\count96
\column@=\count97
\maxfields@=\count98
\andhelp@=\toks16
\eqnshift@=\dimen106
\alignsep@=\dimen107
\tagshift@=\dimen108
\tagwidth@=\dimen109
\totwidth@=\dimen110
\lineht@=\dimen111
\@envbody=\toks17
\multlinegap=\skip44
\multlinetaggap=\skip45
\mathdisplay@stack=\toks18
LaTeX Info: Redefining \[ on input line 2817.
LaTeX Info: Redefining \] on input line 2818.
)
(/usr/share/texlive/texmf-dist/tex/latex/amsfonts/amssymb.sty
Package: amssymb 2013/01/14 v3.01 AMS font symbols

(/usr/share/texlive/texmf-dist/tex/latex/amsfonts/amsfonts.sty
Package: amsfonts 2013/01/14 v3.01 Basic AMSFonts support
\symAMSa=\mathgroup4
\symAMSb=\mathgroup5
LaTeX Font Info:    Overwriting math alphabet `\mathfrak' in version `bold'
(Font)                  U/euf/m/n --> U/euf/b/n on input line 106.
))
(/usr/share/texlive/texmf-dist/tex/latex/graphics/epsfig.sty
Package: epsfig 2017/06/25 v1.7b (e)psfig emulation (SPQR)

(/usr/share/texlive/texmf-dist/tex/latex/graphics/graphicx.sty
Package: graphicx 2017/06/01 v1.1a Enhanced LaTeX Graphics (DPC,SPQR)

(/usr/share/texlive/texmf-dist/tex/latex/graphics/keyval.sty
Package: keyval 2014/10/28 v1.15 key=value parser (DPC)
\KV@toks@=\toks19
)
(/usr/share/texlive/texmf-dist/tex/latex/graphics/graphics.sty
Package: graphics 2017/06/25 v1.2c Standard LaTeX Graphics (DPC,SPQR)

(/usr/share/texlive/texmf-dist/tex/latex/graphics/trig.sty
Package: trig 2016/01/03 v1.10 sin cos tan (DPC)
)
(/usr/share/texlive/texmf-dist/tex/latex/graphics-cfg/graphics.cfg
File: graphics.cfg 2016/06/04 v1.11 sample graphics configuration
)
Package graphics Info: Driver file: pdftex.def on input line 99.

(/usr/share/texlive/texmf-dist/tex/latex/graphics-def/pdftex.def
File: pdftex.def 2018/01/08 v1.0l Graphics/color driver for pdftex
))
\Gin@req@height=\dimen112
\Gin@req@width=\dimen113
)
\epsfxsize=\dimen114
\epsfysize=\dimen115
)
(/usr/share/texlive/texmf-dist/tex/latex/a4wide/a4wide.sty
Package: a4wide 1994/08/30

(/usr/share/texlive/texmf-dist/tex/latex/ntgclass/a4.sty
Package: a4 2004/04/15 v1.2g A4 based page layout
))
(/usr/share/texlive/texmf-dist/tex/latex/cancel/cancel.sty
Package: cancel 2013/04/12 v2.2 Cancel math terms
)
(/usr/share/texlive/texmf-dist/tex/latex/caption/subcaption.sty
Package: subcaption 2016/05/22 v1.1-161 Sub-captions (AR)

(/usr/share/texlive/texmf-dist/tex/latex/caption/caption.sty
Package: caption 2016/02/21 v3.3-144 Customizing captions (AR)

(/usr/share/texlive/texmf-dist/tex/latex/caption/caption3.sty
Package: caption3 2016/05/22 v1.7-166 caption3 kernel (AR)
Package caption3 Info: TeX engine: e-TeX on input line 67.
\captionmargin=\dimen116
\captionmargin@=\dimen117
\captionwidth=\dimen118
\caption@tempdima=\dimen119
\caption@indent=\dimen120
\caption@parindent=\dimen121
\caption@hangindent=\dimen122
)
\c@ContinuedFloat=\count99
)
\c@subfigure=\count100
\c@subtable=\count101
)
(/usr/share/texlive/texmf-dist/tex/latex/appendix/appendix.sty
Package: appendix 2009/09/02 v1.2b extra appendix facilities
\c@@pps=\count102
\c@@ppsavesec=\count103
\c@@ppsaveapp=\count104
) (./Lecture.aux
(./tex/01-Intro.aux))
\openout1 = `Lecture.aux'.

LaTeX Font Info:    Checking defaults for OML/cmm/m/it on input line 24.
LaTeX Font Info:    ... okay on input line 24.
LaTeX Font Info:    Checking defaults for T1/cmr/m/n on input line 24.
LaTeX Font Info:    ... okay on input line 24.
LaTeX Font Info:    Checking defaults for OT1/cmr/m/n on input line 24.
LaTeX Font Info:    ... okay on input line 24.
LaTeX Font Info:    Checking defaults for OMS/cmsy/m/n on input line 24.
LaTeX Font Info:    ... okay on input line 24.
LaTeX Font Info:    Checking defaults for OMX/cmex/m/n on input line 24.
LaTeX Font Info:    ... okay on input line 24.
LaTeX Font Info:    Checking defaults for U/cmr/m/n on input line 24.
LaTeX Font Info:    ... okay on input line 24.

(/usr/share/texlive/texmf-dist/tex/context/base/mkii/supp-pdf.mkii
[Loading MPS to PDF converter (version 2006.09.02).]
\scratchcounter=\count105
\scratchdimen=\dimen123
\scratchbox=\box28
\nofMPsegments=\count106
\nofMParguments=\count107
\everyMPshowfont=\toks20
\MPscratchCnt=\count108
\MPscratchDim=\dimen124
\MPnumerator=\count109
\makeMPintoPDFobject=\count110
\everyMPtoPDFconversion=\toks21
) (/usr/share/texlive/texmf-dist/tex/latex/oberdiek/epstopdf-base.sty
Package: epstopdf-base 2016/05/15 v2.6 Base part for package epstopdf

(/usr/share/texlive/texmf-dist/tex/generic/oberdiek/infwarerr.sty
Package: infwarerr 2016/05/16 v1.4 Providing info/warning/error messages (HO)
)
(/usr/share/texlive/texmf-dist/tex/latex/oberdiek/grfext.sty
Package: grfext 2016/05/16 v1.2 Manage graphics extensions (HO)

(/usr/share/texlive/texmf-dist/tex/generic/oberdiek/kvdefinekeys.sty
Package: kvdefinekeys 2016/05/16 v1.4 Define keys (HO)

(/usr/share/texlive/texmf-dist/tex/generic/oberdiek/ltxcmds.sty
Package: ltxcmds 2016/05/16 v1.23 LaTeX kernel commands for general use (HO)
)))
(/usr/share/texlive/texmf-dist/tex/latex/oberdiek/kvoptions.sty
Package: kvoptions 2016/05/16 v3.12 Key value format for package options (HO)

(/usr/share/texlive/texmf-dist/tex/generic/oberdiek/kvsetkeys.sty
Package: kvsetkeys 2016/05/16 v1.17 Key value parser (HO)

(/usr/share/texlive/texmf-dist/tex/generic/oberdiek/etexcmds.sty
Package: etexcmds 2016/05/16 v1.6 Avoid name clashes with e-TeX commands (HO)

(/usr/share/texlive/texmf-dist/tex/generic/oberdiek/ifluatex.sty
Package: ifluatex 2016/05/16 v1.4 Provides the ifluatex switch (HO)
Package ifluatex Info: LuaTeX not detected.
)
Package etexcmds Info: Could not find \expanded.
(etexcmds)             That can mean that you are not using pdfTeX 1.50 or
(etexcmds)             that some package has redefined \expanded.
(etexcmds)             In the latter case, load this package earlier.
)))
(/usr/share/texlive/texmf-dist/tex/generic/oberdiek/pdftexcmds.sty
Package: pdftexcmds 2018/01/21 v0.26 Utility functions of pdfTeX for LuaTeX (HO
)

(/usr/share/texlive/texmf-dist/tex/generic/oberdiek/ifpdf.sty
Package: ifpdf 2017/03/15 v3.2 Provides the ifpdf switch
)
Package pdftexcmds Info: LuaTeX not detected.
Package pdftexcmds Info: \pdf@primitive is available.
Package pdftexcmds Info: \pdf@ifprimitive is available.
Package pdftexcmds Info: \pdfdraftmode found.
)
Package epstopdf-base Info: Redefining graphics rule for `.eps' on input line 4
38.
Package grfext Info: Graphics extension search list:
(grfext)             [.pdf,.png,.jpg,.mps,.jpeg,.jbig2,.jb2,.PDF,.PNG,.JPG,.JPE
G,.JBIG2,.JB2,.eps]
(grfext)             \AppendGraphicsExtensions on input line 456.

(/usr/share/texlive/texmf-dist/tex/latex/latexconfig/epstopdf-sys.cfg
File: epstopdf-sys.cfg 2010/07/13 v1.3 Configuration of (r)epstopdf for TeX Liv
e
))
Package caption Info: Begin \AtBeginDocument code.
Package caption Info: End \AtBeginDocument code.
LaTeX Font Info:    Try loading font information for U+msa on input line 26.

(/usr/share/texlive/texmf-dist/tex/latex/amsfonts/umsa.fd
File: umsa.fd 2013/01/14 v3.01 AMS symbols A
)
LaTeX Font Info:    Try loading font information for U+msb on input line 26.

(/usr/share/texlive/texmf-dist/tex/latex/amsfonts/umsb.fd
File: umsb.fd 2013/01/14 v3.01 AMS symbols B
) [1

{/var/lib/texmf/fonts/map/pdftex/updmap/pdftex.map}]
\openout2 = `tex/01-Intro.aux'.

 (./tex/01-Intro.tex
Package epstopdf Info: Source file: <Figs/tms-figure.eps>
(epstopdf)                    date: 2019-12-28 21:32:02
(epstopdf)                    size: 12034425 bytes
(epstopdf)             Output file: <Figs/tms-figure-eps-converted-to.pdf>
(epstopdf)                    date: 2019-12-28 21:32:02
(epstopdf)                    size: 523674 bytes
(epstopdf)             Command: <repstopdf --outfile=Figs/tms-figure-eps-conver
ted-to.pdf Figs/tms-figure.eps>
(epstopdf)             \includegraphics on input line 5.
Package epstopdf Info: Output file is already uptodate.


pdfTeX warning: pdflatex (file ./Figs/tms-figure-eps-converted-to.pdf): PDF inc
lusion: found PDF version <1.7>, but at most version <1.5> allowed
<Figs/tms-figure-eps-converted-to.pdf, id=10, 626.34pt x 640.3925pt>
File: Figs/tms-figure-eps-converted-to.pdf Graphic file (type pdf)
<use Figs/tms-figure-eps-converted-to.pdf>
Package pdftex.def Info: Figs/tms-figure-eps-converted-to.pdf  used on input li
ne 5.
(pdftex.def)             Requested size: 442.65375pt x 452.60051pt.

Underfull \hbox (badness 1112) in paragraph at lines 6--6
\OT1/cmr/m/n/10.95 Swen-son, 2017) used un-der the Cre-ative Com-mons At-tri-bu
-tion In-ter-na-tional Li-cense
 []


Overfull \hbox (3.53053pt too wide) in paragraph at lines 40--41
[] [][] \OML/cmm/m/it/10.95 V[]V[]dt$\OT1/cmr/m/n/10.95 . It can be thought of 
as an \OT1/cmr/m/it/10.95 av-er-ag-ing pro-cess \OT1/cmr/m/n/10.95 be-cause you
 are in-te-grat-ing (adding)
 []


Overfull \hbox (2.45346pt too wide) in alignment at lines 44--54
 [][][] []
 []

[1


] [2 <./Figs/tms-figure-eps-converted-to.pdf>]
Underfull \hbox (badness 10000) in paragraph at lines 56--57

 []

[3]
Underfull \hbox (badness 10000) in paragraph at lines 83--84

 []


Underfull \hbox (badness 10000) in paragraph at lines 84--85

 []

[4]
Package epstopdf Info: Source file: <Figs/01-corr-resp.eps>
(epstopdf)                    date: 2019-12-28 21:32:02
(epstopdf)                    size: 56141 bytes
(epstopdf)             Output file: <Figs/01-corr-resp-eps-converted-to.pdf>
(epstopdf)                    date: 2019-12-28 21:32:02
(epstopdf)                    size: 23031 bytes
(epstopdf)             Command: <repstopdf --outfile=Figs/01-corr-resp-eps-conv
erted-to.pdf Figs/01-corr-resp.eps>
(epstopdf)             \includegraphics on input line 142.
Package epstopdf Info: Output file is already uptodate.


pdfTeX warning: pdflatex (file ./Figs/01-corr-resp-eps-converted-to.pdf): PDF i
nclusion: found PDF version <1.7>, but at most version <1.5> allowed
<Figs/01-corr-resp-eps-converted-to.pdf, id=40, 722.7pt x 578.16pt>
File: Figs/01-corr-resp-eps-converted-to.pdf Graphic file (type pdf)
<use Figs/01-corr-resp-eps-converted-to.pdf>
Package pdftex.def Info: Figs/01-corr-resp-eps-converted-to.pdf  used on input 
line 142.
(pdftex.def)             Requested size: 442.65375pt x 354.12389pt.
[5] [6 <./Figs/01-corr-resp-eps-converted-to.pdf>] [7]
Underfull \hbox (badness 2653) in paragraph at lines 214--215
[]\OT1/cmr/m/n/10.95 To see why $[] [] \OML/cmm/m/it/10.95 I[]cos\OT1/cmr/m/n/1
0.95 (2\OML/cmm/m/it/10.95 ^^Yul\OT1/cmr/m/n/10.95 )\OML/cmm/m/it/10.95 d \OT1/
cmr/m/n/10.95 
 = 0$, try in-te-grat-ing $[][] \OML/cmm/m/it/10.95 cos\OT1/cmr/m/n/10.95 (\OML
/cmm/m/it/10.95 x\OT1/cmr/m/n/10.95 )\OML/cmm/m/it/10.95 cos\OT1/cmr/m/n/10.95 
(\OML/cmm/m/it/10.95 x\OT1/cmr/m/n/10.95 )\OML/cmm/m/it/10.95 d x$ \OT1/cmr/m/n
/10.95 v.s.
 []


Underfull \hbox (badness 10000) in paragraph at lines 214--215

 []


Overfull \hbox (18.09033pt too wide) in alignment at lines 230--240
 [][][] []
 []

[8] [9]
Overfull \hbox (27.53058pt too wide) in alignment at lines 294--302
 [][][] []
 []


LaTeX Warning: No positions in optional float specifier.
               Default added (so using `tbp') on input line 309.

Package epstopdf Info: Source file: <Figs/03-dirac-vis.eps>
(epstopdf)                    date: 2019-12-28 21:32:02
(epstopdf)                    size: 95901 bytes
(epstopdf)             Output file: <Figs/03-dirac-vis-eps-converted-to.pdf>
(epstopdf)                    date: 2019-12-28 21:32:02
(epstopdf)                    size: 31178 bytes
(epstopdf)             Command: <repstopdf --outfile=Figs/03-dirac-vis-eps-conv
erted-to.pdf Figs/03-dirac-vis.eps>
(epstopdf)             \includegraphics on input line 311.
Package epstopdf Info: Output file is already uptodate.


pdfTeX warning: pdflatex (file ./Figs/03-dirac-vis-eps-converted-to.pdf): PDF i
nclusion: found PDF version <1.7>, but at most version <1.5> allowed
<Figs/03-dirac-vis-eps-converted-to.pdf, id=109, 614.295pt x 794.97pt>
File: Figs/03-dirac-vis-eps-converted-to.pdf Graphic file (type pdf)
<use Figs/03-dirac-vis-eps-converted-to.pdf>
Package pdftex.def Info: Figs/03-dirac-vis-eps-converted-to.pdf  used on input 
line 311.
(pdftex.def)             Requested size: 442.65375pt x 572.85104pt.

LaTeX Warning: Float too large for page by 0.65077pt on input line 314.

Package epstopdf Info: Source file: <Figs/04-gauss-vis.eps>
(epstopdf)                    date: 2019-12-28 21:32:02
(epstopdf)                    size: 116479 bytes
(epstopdf)             Output file: <Figs/04-gauss-vis-eps-converted-to.pdf>
(epstopdf)                    date: 2019-12-28 21:32:02
(epstopdf)                    size: 39963 bytes
(epstopdf)             Command: <repstopdf --outfile=Figs/04-gauss-vis-eps-conv
erted-to.pdf Figs/04-gauss-vis.eps>
(epstopdf)             \includegraphics on input line 319.
Package epstopdf Info: Output file is already uptodate.


pdfTeX warning: pdflatex (file ./Figs/04-gauss-vis-eps-converted-to.pdf): PDF i
nclusion: found PDF version <1.7>, but at most version <1.5> allowed
<Figs/04-gauss-vis-eps-converted-to.pdf, id=110, 614.295pt x 794.97pt>
File: Figs/04-gauss-vis-eps-converted-to.pdf Graphic file (type pdf)
<use Figs/04-gauss-vis-eps-converted-to.pdf>
Package pdftex.def Info: Figs/04-gauss-vis-eps-converted-to.pdf  used on input 
line 319.
(pdftex.def)             Requested size: 442.65375pt x 572.85104pt.

Overfull \hbox (7.4679pt too wide) in alignment at lines 328--343
 [][][] []
 []

[10] [11 <./Figs/03-dirac-vis-eps-converted-to.pdf>] [12 <./Figs/04-gauss-vis-e
ps-converted-to.pdf>]
Overfull \hbox (11.50699pt too wide) in alignment at lines 345--355
 [][][] []
 []

[13]
Package epstopdf Info: Source file: <Figs/05-fin-band-lecture.eps>
(epstopdf)                    date: 2019-12-28 21:32:02
(epstopdf)                    size: 55826 bytes
(epstopdf)             Output file: <Figs/05-fin-band-lecture-eps-converted-to.
pdf>
(epstopdf)                    date: 2019-12-28 21:32:02
(epstopdf)                    size: 25053 bytes
(epstopdf)             Command: <repstopdf --outfile=Figs/05-fin-band-lecture-e
ps-converted-to.pdf Figs/05-fin-band-lecture.eps>
(epstopdf)             \includegraphics on input line 361.
Package epstopdf Info: Output file is already uptodate.


pdfTeX warning: pdflatex (file ./Figs/05-fin-band-lecture-eps-converted-to.pdf)
: PDF inclusion: found PDF version <1.7>, but at most version <1.5> allowed
<Figs/05-fin-band-lecture-eps-converted-to.pdf, id=270, 722.7pt x 578.16pt>
File: Figs/05-fin-band-lecture-eps-converted-to.pdf Graphic file (type pdf)
<use Figs/05-fin-band-lecture-eps-converted-to.pdf>
Package pdftex.def Info: Figs/05-fin-band-lecture-eps-converted-to.pdf  used on
 input line 361.
(pdftex.def)             Requested size: 442.65375pt x 354.12389pt.
Package epstopdf Info: Source file: <Figs/uv-lm-coords.eps>
(epstopdf)                    date: 2019-12-28 21:32:02
(epstopdf)                    size: 42859876 bytes
(epstopdf)             Output file: <Figs/uv-lm-coords-eps-converted-to.pdf>
(epstopdf)                    date: 2019-12-28 21:32:02
(epstopdf)                    size: 259179 bytes
(epstopdf)             Command: <repstopdf --outfile=Figs/uv-lm-coords-eps-conv
erted-to.pdf Figs/uv-lm-coords.eps>
(epstopdf)             \includegraphics on input line 390.
Package epstopdf Info: Output file is already uptodate.


pdfTeX warning: pdflatex (file ./Figs/uv-lm-coords-eps-converted-to.pdf): PDF i
nclusion: found PDF version <1.7>, but at most version <1.5> allowed
<Figs/uv-lm-coords-eps-converted-to.pdf, id=271, 347.2975pt x 245.91875pt>
File: Figs/uv-lm-coords-eps-converted-to.pdf Graphic file (type pdf)
<use Figs/uv-lm-coords-eps-converted-to.pdf>
Package pdftex.def Info: Figs/uv-lm-coords-eps-converted-to.pdf  used on input 
line 390.
(pdftex.def)             Requested size: 347.29665pt x 245.91814pt.

Underfull \hbox (badness 1112) in paragraph at lines 391--391
\OT1/cmr/m/n/10.95 Swen-son, 2017) used un-der the Cre-ative Com-mons At-tri-bu
-tion In-ter-na-tional Li-cense
 []

[14] [15 <./Figs/05-fin-band-lecture-eps-converted-to.pdf>] [16] [17 <./Figs/uv
-lm-coords-eps-converted-to.pdf>]
Package epstopdf Info: Source file: <Figs/06-array2uv-triangle.eps>
(epstopdf)                    date: 2019-12-28 21:32:02
(epstopdf)                    size: 1057904 bytes
(epstopdf)             Output file: <Figs/06-array2uv-triangle-eps-converted-to
.pdf>
(epstopdf)                    date: 2019-12-28 21:32:02
(epstopdf)                    size: 246699 bytes
(epstopdf)             Command: <repstopdf --outfile=Figs/06-array2uv-triangle-
eps-converted-to.pdf Figs/06-array2uv-triangle.eps>
(epstopdf)             \includegraphics on input line 458.
Package epstopdf Info: Output file is already uptodate.


pdfTeX warning: pdflatex (file ./Figs/06-array2uv-triangle-eps-converted-to.pdf
): PDF inclusion: found PDF version <1.7>, but at most version <1.5> allowed
<Figs/06-array2uv-triangle-eps-converted-to.pdf, id=341, 938.50626pt x 522.9537
5pt>
File: Figs/06-array2uv-triangle-eps-converted-to.pdf Graphic file (type pdf)
<use Figs/06-array2uv-triangle-eps-converted-to.pdf>
Package pdftex.def Info: Figs/06-array2uv-triangle-eps-converted-to.pdf  used o
n input line 458.
(pdftex.def)             Requested size: 442.65375pt x 246.65009pt.
Package epstopdf Info: Source file: <Figs/06-array2uv-meerkat.eps>
(epstopdf)                    date: 2020-07-06 16:47:09
(epstopdf)                    size: 137937 bytes
(epstopdf)             Output file: <Figs/06-array2uv-meerkat-eps-converted-to.
pdf>
(epstopdf)             Command: <repstopdf --outfile=Figs/06-array2uv-meerkat-e
ps-converted-to.pdf Figs/06-array2uv-meerkat.eps>
(epstopdf)             \includegraphics on input line 465.
runsystem(repstopdf --outfile=Figs/06-array2uv-meerkat-eps-converted-to.pdf Fig
s/06-array2uv-meerkat.eps)...executed safely (allowed).

Package epstopdf Info: Result file: <Figs/06-array2uv-meerkat-eps-converted-to.
pdf>
(epstopdf)                    date: 2020-07-06 16:47:33
(epstopdf)                    size: 547365 bytes.


pdfTeX warning: pdflatex (file ./Figs/06-array2uv-meerkat-eps-converted-to.pdf)
: PDF inclusion: found PDF version <1.7>, but at most version <1.5> allowed
<Figs/06-array2uv-meerkat-eps-converted-to.pdf, id=342, 938.50626pt x 522.95375
pt>
File: Figs/06-array2uv-meerkat-eps-converted-to.pdf Graphic file (type pdf)
<use Figs/06-array2uv-meerkat-eps-converted-to.pdf>
Package pdftex.def Info: Figs/06-array2uv-meerkat-eps-converted-to.pdf  used on
 input line 465.
(pdftex.def)             Requested size: 442.65375pt x 246.65009pt.
) [18] [19 <./Figs/06-array2uv-triangle-eps-converted-to.pdf> <./Figs/06-array2
uv-meerkat-eps-converted-to.pdf>] [20] (./Lecture.aux (./tex/01-Intro.aux)) ) 
Here is how much of TeX's memory you used:
 3796 strings out of 492982
 56815 string characters out of 6134895
 133506 words of memory out of 5000000
 7270 multiletter control sequences out of 15000+600000
 20159 words of font info for 76 fonts, out of 8000000 for 9000
 1141 hyphenation exceptions out of 8191
 42i,18n,41p,997b,479s stack positions out of 5000i,500n,10000p,200000b,80000s
</
usr/share/texlive/texmf-dist/fonts/type1/public/amsfonts/cm/cmbsy10.pfb></usr/s
hare/texlive/texmf-dist/fonts/type1/public/amsfonts/cmextra/cmbsy6.pfb></usr/sh
are/texlive/texmf-dist/fonts/type1/public/amsfonts/cm/cmbx10.pfb></usr/share/te
xlive/texmf-dist/fonts/type1/public/amsfonts/cm/cmbx12.pfb></usr/share/texlive/
texmf-dist/fonts/type1/public/amsfonts/cm/cmbx6.pfb></usr/share/texlive/texmf-d
ist/fonts/type1/public/amsfonts/cm/cmbx8.pfb></usr/share/texlive/texmf-dist/fon
ts/type1/public/amsfonts/cm/cmbxti10.pfb></usr/share/texlive/texmf-dist/fonts/t
ype1/public/amsfonts/cm/cmex10.pfb></usr/share/texlive/texmf-dist/fonts/type1/p
ublic/amsfonts/cm/cmmi10.pfb></usr/share/texlive/texmf-dist/fonts/type1/public/
amsfonts/cm/cmmi6.pfb></usr/share/texlive/texmf-dist/fonts/type1/public/amsfont
s/cm/cmmi8.pfb></usr/share/texlive/texmf-dist/fonts/type1/public/amsfonts/cm/cm
r10.pfb></usr/share/texlive/texmf-dist/fonts/type1/public/amsfonts/cm/cmr12.pfb
></usr/share/texlive/texmf-dist/fonts/type1/public/amsfonts/cm/cmr6.pfb></usr/s
hare/texlive/texmf-dist/fonts/type1/public/amsfonts/cm/cmr8.pfb></usr/share/tex
live/texmf-dist/fonts/type1/public/amsfonts/cm/cmr9.pfb></usr/share/texlive/tex
mf-dist/fonts/type1/public/amsfonts/cm/cmsy10.pfb></usr/share/texlive/texmf-dis
t/fonts/type1/public/amsfonts/cm/cmsy6.pfb></usr/share/texlive/texmf-dist/fonts
/type1/public/amsfonts/cm/cmsy8.pfb></usr/share/texlive/texmf-dist/fonts/type1/
public/amsfonts/cm/cmti10.pfb></usr/share/texlive/texmf-dist/fonts/type1/public
/amsfonts/cm/cmti7.pfb></usr/share/texlive/texmf-dist/fonts/type1/public/amsfon
ts/cm/cmtt10.pfb></usr/share/texlive/texmf-dist/fonts/type1/public/amsfonts/cm/
cmtt12.pfb></usr/share/texlive/texmf-dist/fonts/type1/public/amsfonts/latxfont/
line10.pfb></usr/share/texlive/texmf-dist/fonts/type1/public/amsfonts/symbols/m
sam10.pfb></usr/share/texlive/texmf-dist/fonts/type1/public/amsfonts/symbols/ms
bm10.pfb>
Output written on Lecture.pdf (21 pages, 1960597 bytes).
PDF statistics:
 495 PDF objects out of 1000 (max. 8388607)
 189 compressed objects within 2 object streams
 0 named destinations out of 1000 (max. 500000)
 41 words of extra memory for PDF output out of 10000 (max. 10000000)

